{
  "RSpec": {
    "coverage": {
      "/Users/nicoshanstrom/Turing/post_turing/nocolorx/nocolorx_be/config/environment.rb": {
        "lines": [
          null,
          1,
          null,
          null,
          1
        ]
      },
      "/Users/nicoshanstrom/Turing/post_turing/nocolorx/nocolorx_be/config/application.rb": {
        "lines": [
          1,
          null,
          1,
          null,
          null,
          null,
          1,
          null,
          1,
          1,
          null,
          1,
          null,
          null,
          null,
          null,
          1,
          null,
          null,
          null,
          null,
          null,
          null,
          null,
          null,
          null,
          null,
          null,
          null,
          1,
          1,
          1,
          1,
          null,
          null
        ]
      },
      "/Users/nicoshanstrom/Turing/post_turing/nocolorx/nocolorx_be/config/boot.rb": {
        "lines": [
          1,
          null,
          1,
          1
        ]
      },
      "/Users/nicoshanstrom/Turing/post_turing/nocolorx/nocolorx_be/config/environments/test.rb": {
        "lines": [
          1,
          null,
          null,
          null,
          null,
          null,
          null,
          1,
          null,
          null,
          null,
          1,
          null,
          null,
          null,
          null,
          null,
          1,
          null,
          null,
          1,
          1,
          null,
          null,
          null,
          null,
          1,
          1,
          1,
          null,
          null,
          1,
          null,
          null,
          1,
          null,
          null,
          1,
          null,
          1,
          null,
          null,
          null,
          null,
          1,
          null,
          null,
          1,
          null,
          null,
          1,
          null,
          null,
          1,
          null,
          null,
          null,
          null,
          null,
          null,
          null,
          null,
          1,
          null,
          null,
          null
        ]
      },
      "/Users/nicoshanstrom/Turing/post_turing/nocolorx/nocolorx_be/config/initializers/cors.rb": {
        "lines": [
          null,
          null,
          null,
          null,
          null,
          null,
          null,
          null,
          null,
          null,
          null,
          null,
          null,
          null,
          null,
          null
        ]
      },
      "/Users/nicoshanstrom/Turing/post_turing/nocolorx/nocolorx_be/config/initializers/filter_parameter_logging.rb": {
        "lines": [
          null,
          null,
          null,
          null,
          null,
          1,
          null,
          null
        ]
      },
      "/Users/nicoshanstrom/Turing/post_turing/nocolorx/nocolorx_be/config/initializers/inflections.rb": {
        "lines": [
          null,
          null,
          null,
          null,
          null,
          null,
          null,
          null,
          null,
          null,
          null,
          null,
          null,
          null,
          null,
          null
        ]
      },
      "/Users/nicoshanstrom/Turing/post_turing/nocolorx/nocolorx_be/spec/factories/saved_prescriptions.rb": {
        "lines": [
          1,
          1,
          1,
          1,
          1,
          1,
          1,
          null,
          null
        ]
      },
      "/Users/nicoshanstrom/Turing/post_turing/nocolorx/nocolorx_be/spec/factories/users.rb": {
        "lines": [
          1,
          1,
          5,
          5,
          8,
          null,
          null
        ]
      },
      "/Users/nicoshanstrom/Turing/post_turing/nocolorx/nocolorx_be/app/models/saved_prescription.rb": {
        "lines": [
          1,
          1,
          null,
          1,
          1,
          1,
          1,
          1,
          null
        ]
      },
      "/Users/nicoshanstrom/Turing/post_turing/nocolorx/nocolorx_be/app/models/application_record.rb": {
        "lines": [
          1,
          1,
          null
        ]
      },
      "/Users/nicoshanstrom/Turing/post_turing/nocolorx/nocolorx_be/spec/models/user_spec.rb": {
        "lines": [
          1,
          null,
          1,
          1,
          null
        ]
      },
      "/Users/nicoshanstrom/Turing/post_turing/nocolorx/nocolorx_be/app/models/user.rb": {
        "lines": [
          1,
          1,
          1,
          10,
          null,
          1,
          null
        ]
      },
      "/Users/nicoshanstrom/Turing/post_turing/nocolorx/nocolorx_be/spec/requests/api/v1/drugs_spec.rb": {
        "lines": [
          1,
          null,
          1,
          1,
          2,
          null,
          1,
          1,
          1,
          null,
          1,
          1,
          null,
          1,
          1,
          null,
          null,
          1,
          1,
          1,
          1,
          null,
          null,
          null,
          null,
          null,
          null,
          null,
          1,
          null,
          1,
          null,
          1,
          1,
          1,
          null,
          null,
          null,
          1,
          1,
          1,
          null,
          1,
          1,
          1,
          null,
          null,
          null,
          null
        ]
      },
      "/Users/nicoshanstrom/Turing/post_turing/nocolorx/nocolorx_be/spec/requests/api/v1/saved_prescriptions_spec.rb": {
        "lines": [
          1,
          null,
          1,
          2,
          null,
          1,
          1,
          null,
          null,
          1,
          1,
          null,
          1,
          null,
          null,
          null,
          null,
          null,
          null,
          null,
          null,
          null,
          null,
          null,
          null,
          null,
          null,
          null,
          null,
          1,
          1,
          1,
          1,
          null,
          null,
          null
        ]
      },
      "/Users/nicoshanstrom/Turing/post_turing/nocolorx/nocolorx_be/spec/requests/api/v1/sessions_spec.rb": {
        "lines": [
          1,
          null,
          1,
          3,
          null,
          1,
          1,
          1,
          1,
          1,
          null,
          null,
          null,
          1,
          1,
          1,
          null,
          null,
          1,
          1,
          1,
          1,
          null,
          null,
          null
        ]
      },
      "/Users/nicoshanstrom/Turing/post_turing/nocolorx/nocolorx_be/spec/requests/api/v1/users_spec.rb": {
        "lines": [
          1,
          null,
          1,
          1,
          1,
          1,
          null,
          1,
          1,
          1,
          null,
          null,
          1,
          1,
          null,
          1,
          1,
          1,
          null,
          null,
          null,
          1,
          1,
          1,
          null,
          1,
          1,
          1,
          null,
          null,
          1,
          1,
          1,
          1,
          null,
          null,
          null,
          1,
          1,
          1,
          1,
          null,
          1,
          1,
          1,
          null,
          null,
          1,
          1,
          1,
          null,
          1,
          1,
          1,
          null,
          null,
          null,
          1,
          1,
          1,
          null,
          1,
          1,
          1,
          null,
          null,
          null
        ]
      },
      "/Users/nicoshanstrom/Turing/post_turing/nocolorx/nocolorx_be/spec/services/drug_service_spec.rb": {
        "lines": [
          1,
          null,
          1,
          3,
          3,
          null,
          1,
          1,
          1,
          null,
          null,
          1,
          8,
          8,
          29,
          null,
          null,
          null,
          null,
          null,
          1,
          1,
          1,
          null,
          null,
          1,
          1,
          null,
          1,
          1,
          1,
          1,
          null,
          1,
          1,
          1,
          null,
          null,
          null,
          null,
          1,
          1,
          null,
          3,
          null,
          null,
          null,
          null,
          null,
          null,
          null,
          null,
          null,
          null,
          null,
          null,
          null,
          null,
          null,
          null,
          4,
          null,
          1,
          1,
          1,
          1,
          null,
          null,
          null,
          1,
          1,
          1,
          1,
          1,
          null,
          null,
          null,
          1,
          1,
          1,
          null,
          null,
          null,
          null,
          1,
          1,
          null,
          1,
          null,
          null,
          null,
          null,
          null,
          null,
          null,
          null,
          null,
          null,
          null,
          null,
          null,
          null,
          null,
          null,
          2,
          2,
          null,
          1,
          1,
          1,
          null,
          1,
          1,
          null,
          1,
          1,
          null,
          1,
          1,
          1,
          null,
          null,
          null
        ]
      },
      "/Users/nicoshanstrom/Turing/post_turing/nocolorx/nocolorx_be/app/services/drug_service.rb": {
        "lines": [
          1,
          1,
          4,
          4,
          null,
          null,
          1,
          4,
          4,
          4,
          4,
          null,
          null,
          4,
          null,
          0,
          null,
          null,
          1,
          4,
          678,
          null,
          null,
          null,
          1,
          19,
          null,
          null,
          1,
          null,
          1,
          null,
          308,
          null,
          null,
          null,
          null,
          null,
          1325,
          null,
          null,
          1,
          378,
          null,
          378,
          6630,
          null,
          null,
          null,
          1,
          1325,
          null,
          null,
          1,
          4,
          null,
          null
        ]
      },
      "/Users/nicoshanstrom/Turing/post_turing/nocolorx/nocolorx_be/app/poros/nocolor_drug_result.rb": {
        "lines": [
          1,
          1,
          null,
          1,
          20,
          null,
          null,
          1,
          17,
          null,
          null,
          1,
          18,
          null,
          null,
          1,
          18,
          null,
          null,
          1,
          null,
          18,
          null,
          null,
          null,
          null,
          null,
          null,
          null,
          null,
          null,
          null,
          null,
          null,
          null,
          null,
          null,
          null,
          null,
          null,
          null,
          null,
          null,
          null,
          null,
          1,
          null,
          1,
          null,
          18,
          null,
          null,
          null,
          null,
          null,
          66,
          null,
          null,
          1,
          66,
          null,
          null
        ]
      },
      "/Users/nicoshanstrom/Turing/post_turing/nocolorx/nocolorx_be/app/serializers/nocolor_drug_result_serializer.rb": {
        "lines": [
          1,
          1,
          null,
          1,
          1,
          null
        ]
      },
      "/Users/nicoshanstrom/Turing/post_turing/nocolorx/nocolorx_be/config/routes.rb": {
        "lines": [
          1,
          null,
          null,
          null,
          null,
          1,
          null,
          null,
          null,
          1,
          1,
          null,
          1,
          null,
          null,
          1,
          1,
          null,
          null,
          1,
          null,
          null,
          1,
          null,
          null,
          null
        ]
      },
      "/Users/nicoshanstrom/Turing/post_turing/nocolorx/nocolorx_be/app/controllers/api/v1/drugs_controller.rb": {
        "lines": [
          1,
          1,
          3,
          null,
          3,
          2,
          2,
          2,
          null,
          1,
          null,
          null,
          0,
          0,
          null,
          null
        ]
      },
      "/Users/nicoshanstrom/Turing/post_turing/nocolorx/nocolorx_be/app/controllers/application_controller.rb": {
        "lines": [
          1,
          1,
          2,
          null,
          null,
          1,
          1,
          null,
          null
        ]
      },
      "/Users/nicoshanstrom/Turing/post_turing/nocolorx/nocolorx_be/app/controllers/api/v1/sessions_controller.rb": {
        "lines": [
          1,
          1,
          3,
          null,
          3,
          3,
          3,
          null,
          0,
          null,
          null,
          null,
          1,
          1,
          1,
          1,
          null,
          0,
          null,
          null,
          null
        ]
      },
      "/Users/nicoshanstrom/Turing/post_turing/nocolorx/nocolorx_be/app/controllers/api/v1/saved_prescriptions_controller.rb": {
        "lines": [
          1,
          1,
          null,
          1,
          0,
          0,
          null,
          null,
          1,
          1,
          null,
          1,
          1,
          null,
          0,
          null,
          null,
          null,
          1,
          0,
          0,
          0,
          null,
          null,
          1,
          null,
          1,
          1,
          null,
          null,
          null,
          null,
          null,
          null,
          null,
          null
        ]
      },
      "/Users/nicoshanstrom/Turing/post_turing/nocolorx/nocolorx_be/app/serializers/saved_prescription_serializer.rb": {
        "lines": [
          1,
          1,
          null,
          1,
          null,
          1,
          null
        ]
      },
      "/Users/nicoshanstrom/Turing/post_turing/nocolorx/nocolorx_be/app/serializers/user_serializer.rb": {
        "lines": [
          1,
          1,
          null,
          1,
          null
        ]
      },
      "/Users/nicoshanstrom/Turing/post_turing/nocolorx/nocolorx_be/app/controllers/api/v1/users_controller.rb": {
        "lines": [
          1,
          1,
          null,
          1,
          2,
          2,
          1,
          null,
          1,
          null,
          null,
          null,
          1,
          1,
          null,
          null,
          1,
          2,
          1,
          null,
          1,
          null,
          null,
          null,
          1,
          1,
          1,
          null,
          null,
          1,
          null,
          1,
          4,
          null,
          null,
          1,
          5,
          5,
          null,
          null
        ]
      }
    },
    "timestamp": 1733169334
  }
}
